<?xml version="1.0" encoding="UTF-8"?>
<!-- Generated by org.testng.reporters.JUnitXMLReporter -->
<testsuite ignored="0" hostname="ind629" failures="0" tests="11" name="Add Asset Type" time="128.143" errors="0" timestamp="15 Jun 2018 13:03:48 GMT">
  <testcase classname="testsDefineSection.AddAssetTypeTest" name="testAllFieldsRequired" time="10.126"/>
  <testcase classname="testsDefineSection.AddAssetTypeTest" name="testAddAssetType" time="6.444"/>
  <testcase classname="testsDefineSection.AddAssetTypeTest" name="testAddAssetType" time="5.75"/>
  <testcase classname="testsDefineSection.AddAssetTypeTest" name="testAddAssetType" time="4.874"/>
  <testcase classname="testsDefineSection.AddAssetTypeTest" name="testAddAssetFilter" time="16.402"/>
  <testcase classname="testsDefineSection.AddAssetTypeTest" name="testAddAssetFilter" time="10.752"/>
  <testcase classname="testsDefineSection.AddAssetTypeTest" name="testAddAssetFilter" time="13.083"/>
  <testcase classname="testsDefineSection.AddAssetTypeTest" name="testAddAssetFilter" time="12.852"/>
  <testcase classname="testsDefineSection.AddAssetTypeTest" name="testAddAssetFilter" time="11.924"/>
  <testcase classname="testsDefineSection.AddAssetTypeTest" name="testAddAssetFilter" time="11.652"/>
  <testcase classname="testsDefineSection.AddAssetTypeTest" name="testAddAssetFilter" time="10.504"/>
</testsuite> <!-- Add Asset Type -->
